0 info it worked if it ends with ok
1 verbose cli [ '/usr/local/Cellar/node/6.1.0/bin/node',
1 verbose cli   '/usr/local/bin/npm',
1 verbose cli   'run',
1 verbose cli   'build' ]
2 info using npm@3.8.6
3 info using node@v6.1.0
4 verbose run-script [ 'prebuild', 'build', 'postbuild' ]
5 info lifecycle thinkful-react-bootstrap-example@0.0.0~prebuild: thinkful-react-bootstrap-example@0.0.0
6 silly lifecycle thinkful-react-bootstrap-example@0.0.0~prebuild: no script for prebuild, continuing
7 info lifecycle thinkful-react-bootstrap-example@0.0.0~build: thinkful-react-bootstrap-example@0.0.0
8 verbose lifecycle thinkful-react-bootstrap-example@0.0.0~build: unsafe-perm in lifecycle true
9 verbose lifecycle thinkful-react-bootstrap-example@0.0.0~build: PATH: /usr/local/lib/node_modules/npm/bin/node-gyp-bin:/Users/liujianqiang/Desktop/ABC-DEV/abch5/todos/node_modules/.bin:/usr/local/Cellar/node/6.1.0/bin:%GRADLE_HOME%/bin:/Users/liujianqiang/Desktop/Tools/android-ndk-r10c:/Users/liujianqiang/Desktop/Tools/gradle-2.2/bin:/usr/local/mysql/bin:/Users/liujianqiang/Desktop/Tools/gradle-2.2/bin:/Users/liujianqiang/Desktop/Tools/apache-maven-3.1.1/bin:/Users/liujianqiang/Desktop/Tools/android-sdk-macosx/tools:/Users/liujianqiang/Desktop/Tools/android-sdk-macosx/platform-tools:/Users/liujianqiang/Desktop/Tools/android-sdk-macosx/build-tools:/usr/local/bin:/usr/bin:/bin:/usr/sbin:/sbin
10 verbose lifecycle thinkful-react-bootstrap-example@0.0.0~build: CWD: /Users/liujianqiang/Desktop/ABC-DEV/abch5/todos
11 silly lifecycle thinkful-react-bootstrap-example@0.0.0~build: Args: [ '-c', 'webpack' ]
12 silly lifecycle thinkful-react-bootstrap-example@0.0.0~build: Returned: code: 1  signal: null
13 info lifecycle thinkful-react-bootstrap-example@0.0.0~build: Failed to exec build script
14 verbose stack Error: thinkful-react-bootstrap-example@0.0.0 build: `webpack`
14 verbose stack Exit status 1
14 verbose stack     at EventEmitter.<anonymous> (/usr/local/lib/node_modules/npm/lib/utils/lifecycle.js:239:16)
14 verbose stack     at emitTwo (events.js:106:13)
14 verbose stack     at EventEmitter.emit (events.js:191:7)
14 verbose stack     at ChildProcess.<anonymous> (/usr/local/lib/node_modules/npm/lib/utils/spawn.js:24:14)
14 verbose stack     at emitTwo (events.js:106:13)
14 verbose stack     at ChildProcess.emit (events.js:191:7)
14 verbose stack     at maybeClose (internal/child_process.js:850:16)
14 verbose stack     at Process.ChildProcess._handle.onexit (internal/child_process.js:215:5)
15 verbose pkgid thinkful-react-bootstrap-example@0.0.0
16 verbose cwd /Users/liujianqiang/Desktop/ABC-DEV/abch5/todos
17 error Darwin 15.4.0
18 error argv "/usr/local/Cellar/node/6.1.0/bin/node" "/usr/local/bin/npm" "run" "build"
19 error node v6.1.0
20 error npm  v3.8.6
21 error code ELIFECYCLE
22 error thinkful-react-bootstrap-example@0.0.0 build: `webpack`
22 error Exit status 1
23 error Failed at the thinkful-react-bootstrap-example@0.0.0 build script 'webpack'.
23 error Make sure you have the latest version of node.js and npm installed.
23 error If you do, this is most likely a problem with the thinkful-react-bootstrap-example package,
23 error not with npm itself.
23 error Tell the author that this fails on your system:
23 error     webpack
23 error You can get information on how to open an issue for this project with:
23 error     npm bugs thinkful-react-bootstrap-example
23 error Or if that isn't available, you can get their info via:
23 error     npm owner ls thinkful-react-bootstrap-example
23 error There is likely additional logging output above.
24 verbose exit [ 1, true ]
